Main File/Fast Cleaner & Battery Saver/app/build/outputs/logs/manifest-merger-release-report.txt
-- Merging decision tree log ---
manifest
ADDED from src\main\AndroidManifest.xml:2:1-64:12
	package
		ADDED from src\main\AndroidManifest.xml:3:5-48
		INJECTED from src\main\AndroidManifest.xml
		INJECTED from src\main\AndroidManifest.xml
	android:versionName
		INJECTED from src\main\AndroidManifest.xml
		INJECTED from src\main\AndroidManifest.xml
	xmlns:android
		ADDED from src\main\AndroidManifest.xml:2:11-69
	android:versionCode
		INJECTED from src\main\AndroidManifest.xml
		INJECTED from src\main\AndroidManifest.xml
uses-permission#android.permission.INTERNET
ADDED from src\main\AndroidManifest.xml:5:5-67
MERGED from [com.google.android.gms:play-services-ads:8.4.0] AndroidManifest.xml:20:5-66
	android:name
		ADDED from src\main\AndroidManifest.xml:5:22-64
uses-permission#android.permission.KILL_BACKGROUND_PROCESSES
ADDED from src\main\AndroidManifest.xml:6:5-84
	android:name
		ADDED from src\main\AndroidManifest.xml:6:22-81
uses-permission#android.permission.READ_CONTACTS
ADDED from src\main\AndroidManifest.xml:7:5-72
	android:name
		ADDED from src\main\AndroidManifest.xml:7:22-69
uses-permission#android.permission.WRITE_SYNC_SETTINGS
ADDED from src\main\AndroidManifest.xml:8:5-78
	android:name
		ADDED from src\main\AndroidManifest.xml:8:22-75
uses-permission#com.android.alarm.permission.SET_ALARM
ADDED from src\main\AndroidManifest.xml:9:5-77
	android:name
		ADDED from src\main\AndroidManifest.xml:9:22-75
uses-permission#android.permission.BLUETOOTH
ADDED from src\main\AndroidManifest.xml:10:5-67
	android:name
		ADDED from src\main\AndroidManifest.xml:10:22-65
uses-permission#android.permission.BLUETOOTH_ADMIN
ADDED from src\main\AndroidManifest.xml:11:5-73
	android:name
		ADDED from src\main\AndroidManifest.xml:11:22-71
uses-permission#android.permission.ACCESS_WIFI_STATE
ADDED from src\main\AndroidManifest.xml:12:5-92
	android:name
		ADDED from src\main\AndroidManifest.xml:12:22-73
uses-permission#android.permission.CHANGE_WIFI_STATE
ADDED from src\main\AndroidManifest.xml:13:5-92
	android:name
		ADDED from src\main\AndroidManifest.xml:13:22-73
uses-permission#android.permission.WRITE_SETTINGS
ADDED from src\main\AndroidManifest.xml:14:5-73
	android:name
		ADDED from src\main\AndroidManifest.xml:14:22-70
uses-permission#android.permission.CAMERA
ADDED from src\main\AndroidManifest.xml:15:5-81
	android:name
		ADDED from src\main\AndroidManifest.xml:15:22-62
application
ADDED from src\main\AndroidManifest.xml:17:5-62:19
MERGED from [com.android.support:design:25.1.1] AndroidManifest.xml:25:5-20
MERGED from [com.android.support:transition:25.1.1] AndroidManifest.xml:22:5-20
MERGED from [com.github.bmarrdev:android-DecoView-charting:v1.2] AndroidManifest.xml:11:5-12:19
MERGED from [me.itangqi.waveloadingview:library:0.3.5] AndroidManifest.xml:11:5-15:19
MERGED from [com.android.support:appcompat-v7:25.1.1] AndroidManifest.xml:25:5-20
MERGED from [com.android.support:animated-vector-drawable:25.1.1] AndroidManifest.xml:22:5-20
MERGED from [com.android.support:support-vector-drawable:25.1.1] AndroidManifest.xml:23:5-20
MERGED from [tyrantgit:explosionfield:1.0.1] AndroidManifest.xml:11:5-14:19
MERGED from [com.skyfishjy.ripplebackground:library:1.0.1] AndroidManifest.xml:11:5-20
MERGED from [com.google.android.gms:play-services-ads:8.4.0] AndroidManifest.xml:24:5-32:19
MERGED from [com.google.android.gms:play-services-basement:8.4.0] AndroidManifest.xml:20:5-24:19
MERGED from [com.android.support:support-v4:25.1.1] AndroidManifest.xml:25:5-20
MERGED from [com.android.support:support-fragment:25.1.1] AndroidManifest.xml:25:5-20
MERGED from [com.android.support:support-media-compat:25.1.1] AndroidManifest.xml:25:5-20
MERGED from [com.android.support:support-core-ui:25.1.1] AndroidManifest.xml:25:5-20
MERGED from [com.android.support:support-core-utils:25.1.1] AndroidManifest.xml:25:5-20
MERGED from [com.android.support:support-compat:25.1.1] AndroidManifest.xml:25:5-20
	android:screenOrientation
		ADDED from src\main\AndroidManifest.xml:18:9-45
	android:label
		ADDED from src\main\AndroidManifest.xml:21:9-41
	android:supportsRtl
		ADDED from src\main\AndroidManifest.xml:22:9-35
	android:allowBackup
		ADDED from src\main\AndroidManifest.xml:19:9-35
	android:icon
		ADDED from src\main\AndroidManifest.xml:20:9-43
	android:theme
		ADDED from src\main\AndroidManifest.xml:23:9-40
activity#fast.cleaner.battery.saver.MainActivity
ADDED from src\main\AndroidManifest.xml:24:9-34:20
	android:screenOrientation
		ADDED from src\main\AndroidManifest.xml:25:13-49
	android:label
		ADDED from src\main\AndroidManifest.xml:27:13-45
	android:name
		ADDED from src\main\AndroidManifest.xml:26:13-67
intent-filter#android.intent.action.MAIN+android.intent.category.LAUNCHER
ADDED from src\main\AndroidManifest.xml:29:13-33:29
action#android.intent.action.MAIN
ADDED from src\main\AndroidManifest.xml:30:17-69
	android:name
		ADDED from src\main\AndroidManifest.xml:30:25-66
category#android.intent.category.LAUNCHER
ADDED from src\main\AndroidManifest.xml:32:17-77
	android:name
		ADDED from src\main\AndroidManifest.xml:32:27-74
activity#fast.cleaner.battery.saver.PowerSaving_popup
ADDED from src\main\AndroidManifest.xml:35:9-117
	android:screenOrientation
		ADDED from src\main\AndroidManifest.xml:35:79-115
	android:name
		ADDED from src\main\AndroidManifest.xml:35:19-78
activity#fast.cleaner.battery.saver.Ultra_PopUp
ADDED from src\main\AndroidManifest.xml:36:9-111
	android:screenOrientation
		ADDED from src\main\AndroidManifest.xml:36:73-109
	android:name
		ADDED from src\main\AndroidManifest.xml:36:19-72
activity#fast.cleaner.battery.saver.BatterySaver_Black
ADDED from src\main\AndroidManifest.xml:37:9-118
	android:screenOrientation
		ADDED from src\main\AndroidManifest.xml:37:80-116
	android:name
		ADDED from src\main\AndroidManifest.xml:37:19-79
activity#fast.cleaner.battery.saver.Noraml_Mode
ADDED from src\main\AndroidManifest.xml:38:9-111
	android:screenOrientation
		ADDED from src\main\AndroidManifest.xml:38:73-109
	android:name
		ADDED from src\main\AndroidManifest.xml:38:19-72
activity#fast.cleaner.battery.saver.PowerSaving_Complition
ADDED from src\main\AndroidManifest.xml:39:9-122
	android:screenOrientation
		ADDED from src\main\AndroidManifest.xml:39:84-120
	android:name
		ADDED from src\main\AndroidManifest.xml:39:19-83
activity#fast.cleaner.battery.saver.Applying_Ultra
ADDED from src\main\AndroidManifest.xml:40:9-114
	android:screenOrientation
		ADDED from src\main\AndroidManifest.xml:40:76-112
	android:name
		ADDED from src\main\AndroidManifest.xml:40:19-75
activity#fast.cleaner.battery.saver.Sacnning_Junk
ADDED from src\main\AndroidManifest.xml:41:9-113
	android:screenOrientation
		ADDED from src\main\AndroidManifest.xml:41:75-111
	android:name
		ADDED from src\main\AndroidManifest.xml:41:19-74
activity#fast.cleaner.battery.saver.Cpu_Scanner
ADDED from src\main\AndroidManifest.xml:42:9-111
	android:screenOrientation
		ADDED from src\main\AndroidManifest.xml:42:73-109
	android:name
		ADDED from src\main\AndroidManifest.xml:42:19-72
activity#fast.cleaner.battery.saver.Pick_Apps
ADDED from src\main\AndroidManifest.xml:43:9-150
	android:screenOrientation
		ADDED from src\main\AndroidManifest.xml:43:112-148
	android:theme
		ADDED from src\main\AndroidManifest.xml:43:71-111
	android:name
		ADDED from src\main\AndroidManifest.xml:43:19-70
receiver#fast.cleaner.battery.saver.Alaram_Booster
ADDED from src\main\AndroidManifest.xml:44:9-78
	android:name
		ADDED from src\main\AndroidManifest.xml:44:19-75
receiver#fast.cleaner.battery.saver.Alaram_Junk
ADDED from src\main\AndroidManifest.xml:45:9-75
	android:name
		ADDED from src\main\AndroidManifest.xml:45:19-72
receiver#fast.cleaner.battery.saver.AppListener
ADDED from src\main\AndroidManifest.xml:47:9-53:20
	android:name
		ADDED from src\main\AndroidManifest.xml:47:19-72
intent-filter#android.intent.action.PACKAGE_ADDED+android.intent.action.PACKAGE_INSTALL
ADDED from src\main\AndroidManifest.xml:48:13-52:29
	android:priority
		ADDED from src\main\AndroidManifest.xml:48:28-50
action#android.intent.action.PACKAGE_INSTALL
ADDED from src\main\AndroidManifest.xml:49:17-79
	android:name
		ADDED from src\main\AndroidManifest.xml:49:25-77
action#android.intent.action.PACKAGE_ADDED
ADDED from src\main\AndroidManifest.xml:50:17-77
	android:name
		ADDED from src\main\AndroidManifest.xml:50:25-75
data
ADDED from src\main\AndroidManifest.xml:51:17-49
	android:scheme
		ADDED from src\main\AndroidManifest.xml:51:23-47
receiver#fast.cleaner.battery.saver.PowerConnected
ADDED from src\main\AndroidManifest.xml:55:9-59:20
	android:name
		ADDED from src\main\AndroidManifest.xml:55:19-75
intent-filter#android.intent.action.ACTION_POWER_CONNECTED
ADDED from src\main\AndroidManifest.xml:56:13-58:29
action#android.intent.action.ACTION_POWER_CONNECTED
ADDED from src\main\AndroidManifest.xml:57:17-87
	android:name
		ADDED from src\main\AndroidManifest.xml:57:25-84
uses-sdk
INJECTED from src\main\AndroidManifest.xml reason: use-sdk injection requested
MERGED from [com.android.support:design:25.1.1] AndroidManifest.xml:21:5-23:62
MERGED from [com.android.support:transition:25.1.1] AndroidManifest.xml:20:5-44
MERGED from [com.intuit.sdp:sdp-android:1.0.4] AndroidManifest.xml:7:5-9:41
MERGED from [com.github.bmarrdev:android-DecoView-charting:v1.2] AndroidManifest.xml:7:5-9:41
MERGED from [jp.wasabeef:recyclerview-animators:2.2.5] AndroidManifest.xml:8:5-10:41
MERGED from [com.android.support:recyclerview-v7:25.1.1] AndroidManifest.xml:20:5-43
MERGED from [me.itangqi.waveloadingview:library:0.3.5] AndroidManifest.xml:7:5-9:41
MERGED from [com.android.support:appcompat-v7:25.1.1] AndroidManifest.xml:21:5-23:78
MERGED from [com.android.support:animated-vector-drawable:25.1.1] AndroidManifest.xml:20:5-44
MERGED from [com.android.support:support-vector-drawable:25.1.1] AndroidManifest.xml:21:5-43
MERGED from [com.wang.avi:library:2.1.3] AndroidManifest.xml:7:5-9:41
MERGED from [tyrantgit:explosionfield:1.0.1] AndroidManifest.xml:7:5-9:41
MERGED from [com.zys:brokenview:1.0.3] AndroidManifest.xml:8:5-10:41
MERGED from [com.github.ybq:Android-SpinKit:1.1.0] AndroidManifest.xml:6:5-8:41
MERGED from [com.skyfishjy.ripplebackground:library:1.0.1] AndroidManifest.xml:7:5-9:41
MERGED from [com.google.android.gms:play-services-ads:8.4.0] AndroidManifest.xml:23:5-42
MERGED from [com.google.android.gms:play-services-basement:8.4.0] AndroidManifest.xml:18:5-42
MERGED from [com.android.support:support-v4:25.1.1] AndroidManifest.xml:21:5-23:54
MERGED from [com.android.support:support-fragment:25.1.1] AndroidManifest.xml:21:5-23:60
MERGED from [com.android.support:support-media-compat:25.1.1] AndroidManifest.xml:21:5-23:63
MERGED from [com.android.support:support-core-ui:25.1.1] AndroidManifest.xml:21:5-23:58
MERGED from [com.android.support:support-core-utils:25.1.1] AndroidManifest.xml:21:5-23:61
MERGED from [com.android.support:support-compat:25.1.1] AndroidManifest.xml:21:5-23:58
	tools:overrideLibrary
		ADDED from [com.android.support:design:25.1.1] AndroidManifest.xml:23:9-59
	android:targetSdkVersion
		INJECTED from src\main\AndroidManifest.xml
		INJECTED from src\main\AndroidManifest.xml
	android:minSdkVersion
		INJECTED from src\main\AndroidManifest.xml
		INJECTED from src\main\AndroidManifest.xml
uses-permission#android.permission.ACCESS_NETWORK_STATE
ADDED from [com.google.android.gms:play-services-ads:8.4.0] AndroidManifest.xml:21:5-78
	android:name
		ADDED from [com.google.android.gms:play-services-ads:8.4.0] AndroidManifest.xml:21:22-76
activity#com.google.android.gms.ads.AdActivity
ADDED from [com.google.android.gms:play-services-ads:8.4.0] AndroidManifest.xml:26:9-29:64
	android:configChanges
		ADDED from [com.google.android.gms:play-services-ads:8.4.0] AndroidManifest.xml:28:13-122
	android:theme
		ADDED from [com.google.android.gms:play-services-ads:8.4.0] AndroidManifest.xml:29:13-61
	android:name
		ADDED from [com.google.android.gms:play-services-ads:8.4.0] AndroidManifest.xml:27:13-65
activity#com.google.android.gms.ads.purchase.InAppPurchaseActivity
ADDED from [com.google.android.gms:play-services-ads:8.4.0] AndroidManifest.xml:30:9-31:52
	android:theme
		ADDED from [com.google.android.gms:play-services-ads:8.4.0] AndroidManifest.xml:31:13-50
	android:name
		ADDED from [com.google.android.gms:play-services-ads:8.4.0] AndroidManifest.xml:30:19-91
meta-data#com.google.android.gms.version
ADDED from [com.google.android.gms:play-services-basement:8.4.0] AndroidManifest.xml:21:9-23:69
	android:value
		ADDED from [com.google.android.gms:play-services-basement:8.4.0] AndroidManifest.xml:23:13-66
	android:name
		ADDED from [com.google.android.gms:play-services-basement:8.4.0] AndroidManifest.xml:22:13-58